[debug] [2023-09-10T09:52:43.465Z] ----------------------------------------------------------------------
[debug] [2023-09-10T09:52:43.468Z] Command:       C:\Program Files\nodejs\node.exe C:\Users\hp\AppData\Roaming\npm\node_modules\firebase-tools\lib\bin\firebase.js init
[debug] [2023-09-10T09:52:43.468Z] CLI Version:   12.5.3
[debug] [2023-09-10T09:52:43.469Z] Platform:      win32
[debug] [2023-09-10T09:52:43.469Z] Node Version:  v18.15.0
[debug] [2023-09-10T09:52:43.470Z] Time:          Sun Sep 10 2023 11:52:43 GMT+0200 (Eastern European Standard Time)
[debug] [2023-09-10T09:52:43.470Z] ----------------------------------------------------------------------
[debug] 
[debug] [2023-09-10T09:52:43.483Z] > command requires scopes: ["email","openid","https://www.googleapis.com/auth/cloudplatformprojects.readonly","https://www.googleapis.com/auth/firebase","https://www.googleapis.com/auth/cloud-platform"]
[debug] [2023-09-10T09:52:43.484Z] > authorizing via signed-in user (abdo1223us@gmail.com)
[info] 
     ######## #### ########  ######## ########     ###     ######  ########
     ##        ##  ##     ## ##       ##     ##  ##   ##  ##       ##
     ######    ##  ########  ######   ########  #########  ######  ######
     ##        ##  ##    ##  ##       ##     ## ##     ##       ## ##
     ##       #### ##     ## ######## ########  ##     ##  ######  ########

You're about to initialize a Firebase project in this directory:

  D:\USAM\task 4

[info] 
=== Project Setup
[info] 
[info] First, let's associate this project directory with a Firebase project.
[info] You can create multiple project aliases by running firebase use --add, 
[info] but for now we'll just set up a default project.
[info] 
[debug] [2023-09-10T09:53:19.173Z] >>> [apiv2][query] GET https://firebase.googleapis.com/v1beta1/projects pageSize=100
[debug] [2023-09-10T09:53:19.751Z] <<< [apiv2][status] GET https://firebase.googleapis.com/v1beta1/projects 200
[debug] [2023-09-10T09:53:19.752Z] <<< [apiv2][body] GET https://firebase.googleapis.com/v1beta1/projects [omitted]
[info] i  Using project usamif-6b02a (UsamIF) 
[info] 
=== Hosting Setup
[info] 
[info] Your public directory is the folder (relative to your project directory) that
[info] will contain Hosting assets to be uploaded with firebase deploy. If you
[info] have a build process for your assets, use your build's output directory.
[info] 
